C:\Documents and Settings\extern.kasipandian\My Documents\Dinesh\Personal\My_Web
sites\SignalMapper>mvn compile -X
Apache Maven 3.2.3 (33f8c3e1027c3ddde99d3cdebad2656a31e8fdf4; 2014-08-11T22:58:1
0+02:00)
Maven home: C:\Documents and Settings\extern.kasipandian\My Documents\Dinesh\Pro
grams\apache-maven-3.2.3\bin\..
Java version: 1.6.0_04, vendor: Sun Microsystems Inc.
Java home: C:\Program Files\Java\jdk1.6.0_04\jre
Default locale: de_DE, platform encoding: Cp1252
OS name: "windows xp", version: "5.1", arch: "x86", family: "windows"
[INFO] Error stacktraces are turned on.
[DEBUG] Reading global settings from C:\Documents and Settings\extern.kasipandia
n\My Documents\Dinesh\Programs\apache-maven-3.2.3\bin\..\conf\settings.xml
[DEBUG] Reading user settings from C:\Documents and Settings\extern.kasipandian\
.m2\settings.xml
[DEBUG] Using local repository at C:\Documents and Settings\extern.kasipandian\.
m2\repository
[DEBUG] Using manager EnhancedLocalRepositoryManager with priority 10.0 for C:\D
ocuments and Settings\extern.kasipandian\.m2\repository
[INFO] Scanning for projects...
[DEBUG] Extension realms for project com.signalmapper:SignalMapper:war:1.0-SNAPS
HOT: (none)
[DEBUG] Looking up lifecyle mappings for packaging war from ClassRealm[plexus.co
re, parent: null]
[DEBUG] === REACTOR BUILD PLAN ================================================
[DEBUG] Project: com.signalmapper:SignalMapper:war:1.0-SNAPSHOT
[DEBUG] Tasks:   [compile]
[DEBUG] Style:   Regular
[DEBUG] =======================================================================
[INFO]
[INFO] ------------------------------------------------------------------------
[INFO] Building SignalMapper 1.0-SNAPSHOT
[INFO] ------------------------------------------------------------------------
[DEBUG] Lifecycle default -> [validate, initialize, generate-sources, process-so
urces, generate-resources, process-resources, compile, process-classes, generate
-test-sources, process-test-sources, generate-test-resources, process-test-resou
rces, test-compile, process-test-classes, test, prepare-package, package, pre-in
tegration-test, integration-test, post-integration-test, verify, install, deploy
]
[DEBUG] Lifecycle clean -> [pre-clean, clean, post-clean]
[DEBUG] Lifecycle site -> [pre-site, site, post-site, site-deploy]
[DEBUG] Using connector WagonRepositoryConnector with priority 0.0 for https://r
epo.maven.apache.org/maven2 via eu-proxy.eu.gds.panasonic.com:8080
Downloading: https://repo.maven.apache.org/maven2/org/apache/maven/plugins/maven
-dependency-plugin/2.8/maven-dependency-plugin-2.8.pom
[DEBUG] Writing tracking file C:\Documents and Settings\extern.kasipandian\.m2\r
epository\org\apache\maven\plugins\maven-dependency-plugin\2.8\maven-dependency-
plugin-2.8.pom.lastUpdated
[INFO] ------------------------------------------------------------------------
[INFO] BUILD FAILURE
[INFO] ------------------------------------------------------------------------
[INFO] Total time: 0.750 s
[INFO] Finished at: 2014-11-07T16:50:21+01:00
[INFO] Final Memory: 3M/6M
[INFO] ------------------------------------------------------------------------
[ERROR] Plugin org.apache.maven.plugins:maven-dependency-plugin:2.8 or one of it
s dependencies could not be resolved: Failed to read artifact descriptor for org
.apache.maven.plugins:maven-dependency-plugin:jar:2.8: Could not transfer artifa
ct org.apache.maven.plugins:maven-dependency-plugin:pom:2.8 from/to central (htt
ps://repo.maven.apache.org/maven2): sun.security.validator.ValidatorException: P
KIX path building failed: sun.security.provider.certpath.SunCertPathBuilderExcep
tion: unable to find valid certification path to requested target -> [Help 1]
org.apache.maven.plugin.PluginResolutionException: Plugin org.apache.maven.plugi
ns:maven-dependency-plugin:2.8 or one of its dependencies could not be resolved:
 Failed to read artifact descriptor for org.apache.maven.plugins:maven-dependenc
y-plugin:jar:2.8
        at org.apache.maven.plugin.internal.DefaultPluginDependenciesResolver.re
solve(DefaultPluginDependenciesResolver.java:122)
        at org.apache.maven.plugin.internal.DefaultMavenPluginManager.getPluginD
escriptor(DefaultMavenPluginManager.java:148)
        at org.apache.maven.plugin.internal.DefaultMavenPluginManager.getMojoDes
criptor(DefaultMavenPluginManager.java:267)
        at org.apache.maven.plugin.DefaultBuildPluginManager.getMojoDescriptor(D
efaultBuildPluginManager.java:239)
        at org.apache.maven.lifecycle.internal.DefaultLifecycleExecutionPlanCalc
ulator.setupMojoExecution(DefaultLifecycleExecutionPlanCalculator.java:158)
        at org.apache.maven.lifecycle.internal.DefaultLifecycleExecutionPlanCalc
ulator.setupMojoExecutions(DefaultLifecycleExecutionPlanCalculator.java:145)
        at org.apache.maven.lifecycle.internal.DefaultLifecycleExecutionPlanCalc
ulator.calculateExecutionPlan(DefaultLifecycleExecutionPlanCalculator.java:122)
        at org.apache.maven.lifecycle.internal.DefaultLifecycleExecutionPlanCalc
ulator.calculateExecutionPlan(DefaultLifecycleExecutionPlanCalculator.java:135)
        at org.apache.maven.lifecycle.internal.builder.BuilderCommon.resolveBuil
dPlan(BuilderCommon.java:97)
        at org.apache.maven.lifecycle.internal.LifecycleModuleBuilder.buildProje
ct(LifecycleModuleBuilder.java:109)
        at org.apache.maven.lifecycle.internal.LifecycleModuleBuilder.buildProje
ct(LifecycleModuleBuilder.java:80)
        at org.apache.maven.lifecycle.internal.builder.singlethreaded.SingleThre
adedBuilder.build(SingleThreadedBuilder.java:51)
        at org.apache.maven.lifecycle.internal.LifecycleStarter.execute(Lifecycl
eStarter.java:120)
        at org.apache.maven.DefaultMaven.doExecute(DefaultMaven.java:347)
        at org.apache.maven.DefaultMaven.execute(DefaultMaven.java:154)
        at org.apache.maven.cli.MavenCli.execute(MavenCli.java:582)
        at org.apache.maven.cli.MavenCli.doMain(MavenCli.java:214)
        at org.apache.maven.cli.MavenCli.main(MavenCli.java:158)
        at sun.reflect.NativeMethodAccessorImpl.invoke0(Native Method)
        at sun.reflect.NativeMethodAccessorImpl.invoke(NativeMethodAccessorImpl.
java:39)
        at sun.reflect.DelegatingMethodAccessorImpl.invoke(DelegatingMethodAcces
sorImpl.java:25)
        at java.lang.reflect.Method.invoke(Method.java:597)
        at org.codehaus.plexus.classworlds.launcher.Launcher.launchEnhanced(Laun
cher.java:289)
        at org.codehaus.plexus.classworlds.launcher.Launcher.launch(Launcher.jav
a:229)
        at org.codehaus.plexus.classworlds.launcher.Launcher.mainWithExitCode(La
uncher.java:415)
        at org.codehaus.plexus.classworlds.launcher.Launcher.main(Launcher.java:
356)
Caused by: org.eclipse.aether.resolution.ArtifactDescriptorException: Failed to
read artifact descriptor for org.apache.maven.plugins:maven-dependency-plugin:ja
r:2.8
        at org.apache.maven.repository.internal.DefaultArtifactDescriptorReader.
loadPom(DefaultArtifactDescriptorReader.java:349)
        at org.apache.maven.repository.internal.DefaultArtifactDescriptorReader.
readArtifactDescriptor(DefaultArtifactDescriptorReader.java:231)
        at org.eclipse.aether.internal.impl.DefaultRepositorySystem.readArtifact
Descriptor(DefaultRepositorySystem.java:288)
        at org.apache.maven.plugin.internal.DefaultPluginDependenciesResolver.re
solve(DefaultPluginDependenciesResolver.java:108)
        ... 25 more
Caused by: org.eclipse.aether.resolution.ArtifactResolutionException: Could not
transfer artifact org.apache.maven.plugins:maven-dependency-plugin:pom:2.8 from/
to central (https://repo.maven.apache.org/maven2): sun.security.validator.Valida
torException: PKIX path building failed: sun.security.provider.certpath.SunCertP
athBuilderException: unable to find valid certification path to requested target

        at org.eclipse.aether.internal.impl.DefaultArtifactResolver.resolve(Defa
ultArtifactResolver.java:459)
        at org.eclipse.aether.internal.impl.DefaultArtifactResolver.resolveArtif
acts(DefaultArtifactResolver.java:262)
        at org.eclipse.aether.internal.impl.DefaultArtifactResolver.resolveArtif
act(DefaultArtifactResolver.java:239)
        at org.apache.maven.repository.internal.DefaultArtifactDescriptorReader.
loadPom(DefaultArtifactDescriptorReader.java:334)
        ... 28 more
Caused by: org.eclipse.aether.transfer.ArtifactTransferException: Could not tran
sfer artifact org.apache.maven.plugins:maven-dependency-plugin:pom:2.8 from/to c
entral (https://repo.maven.apache.org/maven2): sun.security.validator.ValidatorE
xception: PKIX path building failed: sun.security.provider.certpath.SunCertPathB
uilderException: unable to find valid certification path to requested target
        at org.eclipse.aether.connector.wagon.WagonRepositoryConnector$6.wrap(Wa
gonRepositoryConnector.java:1016)
        at org.eclipse.aether.connector.wagon.WagonRepositoryConnector$6.wrap(Wa
gonRepositoryConnector.java:1004)
        at org.eclipse.aether.connector.wagon.WagonRepositoryConnector$GetTask.r
un(WagonRepositoryConnector.java:725)
        at org.eclipse.aether.util.concurrency.RunnableErrorForwarder$1.run(Runn
ableErrorForwarder.java:67)
        at java.util.concurrent.ThreadPoolExecutor$Worker.runTask(ThreadPoolExec
utor.java:885)
        at java.util.concurrent.ThreadPoolExecutor$Worker.run(ThreadPoolExecutor
.java:907)
        at java.lang.Thread.run(Thread.java:619)
Caused by: org.apache.maven.wagon.TransferFailedException: sun.security.validato
r.ValidatorException: PKIX path building failed: sun.security.provider.certpath.
SunCertPathBuilderException: unable to find valid certification path to requeste
d target
        at org.apache.maven.wagon.providers.http.AbstractHttpClientWagon.fillInp
utData(AbstractHttpClientWagon.java:935)
        at org.apache.maven.wagon.StreamWagon.getInputStream(StreamWagon.java:11
6)
        at org.apache.maven.wagon.StreamWagon.getIfNewer(StreamWagon.java:88)
        at org.apache.maven.wagon.StreamWagon.get(StreamWagon.java:61)
        at org.eclipse.aether.connector.wagon.WagonRepositoryConnector$GetTask.r
un(WagonRepositoryConnector.java:660)
        ... 4 more
Caused by: javax.net.ssl.SSLHandshakeException: sun.security.validator.Validator
Exception: PKIX path building failed: sun.security.provider.certpath.SunCertPath
BuilderException: unable to find valid certification path to requested target
        at com.sun.net.ssl.internal.ssl.Alerts.getSSLException(Alerts.java:174)
        at com.sun.net.ssl.internal.ssl.SSLSocketImpl.fatal(SSLSocketImpl.java:1
591)
        at com.sun.net.ssl.internal.ssl.Handshaker.fatalSE(Handshaker.java:187)
        at com.sun.net.ssl.internal.ssl.Handshaker.fatalSE(Handshaker.java:181)
        at com.sun.net.ssl.internal.ssl.ClientHandshaker.serverCertificate(Clien
tHandshaker.java:975)
        at com.sun.net.ssl.internal.ssl.ClientHandshaker.processMessage(ClientHa
ndshaker.java:123)
        at com.sun.net.ssl.internal.ssl.Handshaker.processLoop(Handshaker.java:5
16)
        at com.sun.net.ssl.internal.ssl.Handshaker.process_record(Handshaker.jav
a:454)
        at com.sun.net.ssl.internal.ssl.SSLSocketImpl.readRecord(SSLSocketImpl.j
ava:884)
        at com.sun.net.ssl.internal.ssl.SSLSocketImpl.performInitialHandshake(SS
LSocketImpl.java:1096)
        at com.sun.net.ssl.internal.ssl.SSLSocketImpl.startHandshake(SSLSocketIm
pl.java:1123)
        at com.sun.net.ssl.internal.ssl.SSLSocketImpl.startHandshake(SSLSocketIm
pl.java:1107)
        at org.apache.maven.wagon.providers.http.httpclient.conn.ssl.SSLConnecti
onSocketFactory.createLayeredSocket(SSLConnectionSocketFactory.java:280)
        at org.apache.maven.wagon.providers.http.httpclient.impl.conn.HttpClient
ConnectionOperator.upgrade(HttpClientConnectionOperator.java:167)
        at org.apache.maven.wagon.providers.http.httpclient.impl.conn.PoolingHtt
pClientConnectionManager.upgrade(PoolingHttpClientConnectionManager.java:329)
        at org.apache.maven.wagon.providers.http.httpclient.impl.execchain.MainC
lientExec.establishRoute(MainClientExec.java:392)
        at org.apache.maven.wagon.providers.http.httpclient.impl.execchain.MainC
lientExec.execute(MainClientExec.java:218)
        at org.apache.maven.wagon.providers.http.httpclient.impl.execchain.Proto
colExec.execute(ProtocolExec.java:194)
        at org.apache.maven.wagon.providers.http.httpclient.impl.execchain.Retry
Exec.execute(RetryExec.java:85)
        at org.apache.maven.wagon.providers.http.httpclient.impl.execchain.Redir
ectExec.execute(RedirectExec.java:108)
        at org.apache.maven.wagon.providers.http.httpclient.impl.client.Internal
HttpClient.doExecute(InternalHttpClient.java:186)
        at org.apache.maven.wagon.providers.http.httpclient.impl.client.Closeabl
eHttpClient.execute(CloseableHttpClient.java:82)
        at org.apache.maven.wagon.providers.http.AbstractHttpClientWagon.execute
(AbstractHttpClientWagon.java:756)
        at org.apache.maven.wagon.providers.http.AbstractHttpClientWagon.fillInp
utData(AbstractHttpClientWagon.java:854)
        ... 8 more
Caused by: sun.security.validator.ValidatorException: PKIX path building failed:
 sun.security.provider.certpath.SunCertPathBuilderException: unable to find vali
d certification path to requested target
        at sun.security.validator.PKIXValidator.doBuild(PKIXValidator.java:285)
        at sun.security.validator.PKIXValidator.engineValidate(PKIXValidator.jav
a:191)
        at sun.security.validator.Validator.validate(Validator.java:218)
        at com.sun.net.ssl.internal.ssl.X509TrustManagerImpl.validate(X509TrustM
anagerImpl.java:126)
        at com.sun.net.ssl.internal.ssl.X509TrustManagerImpl.checkServerTrusted(
X509TrustManagerImpl.java:209)
        at com.sun.net.ssl.internal.ssl.X509TrustManagerImpl.checkServerTrusted(
X509TrustManagerImpl.java:249)
        at com.sun.net.ssl.internal.ssl.ClientHandshaker.serverCertificate(Clien
tHandshaker.java:954)
        ... 27 more
Caused by: sun.security.provider.certpath.SunCertPathBuilderException: unable to
 find valid certification path to requested target
        at sun.security.provider.certpath.SunCertPathBuilder.engineBuild(SunCert
PathBuilder.java:174)
        at java.security.cert.CertPathBuilder.build(CertPathBuilder.java:238)
        at sun.security.validator.PKIXValidator.doBuild(PKIXValidator.java:280)
        ... 33 more
[ERROR]
[ERROR]
[ERROR] For more information about the errors and possible solutions, please rea
d the following articles:
[ERROR] [Help 1] http://cwiki.apache.org/confluence/display/MAVEN/PluginResoluti
onException
C:\Documents and Settings\extern.kasipandian\My Documents\Dinesh\Personal\My_Web
sites\SignalMapper>